[2022-03-17T12:44:06.730346+01:00] termin.INFO: Starting to run [sites: 1, notifiers: 1] [] []
[2022-03-17T12:44:07.078869+01:00] termin.INFO: No availability found for: Einbürgerung [] []
[2022-03-18T11:43:25.887838+01:00] termin.INFO: Starting to run [sites: 2, notifiers: 1] [] []
[2022-03-18T11:43:26.231203+01:00] termin.INFO: No availability found for: Einbürgerung [] []
[2022-03-18T11:43:26.342445+01:00] termin.INFO: No availability found for: Personalausweis [] []
[2022-03-18T11:44:49.602654+01:00] termin.INFO: Starting to run [sites: 2, notifiers: 1] [] []
[2022-03-18T11:44:49.894702+01:00] termin.INFO: No availability found for: Einbürgerung [] []
[2022-03-18T11:44:50.008921+01:00] termin.INFO: No availability found for: Personalausweis [] []
[2022-03-18T11:44:53.025799+01:00] termin.INFO: Starting to run [sites: 2, notifiers: 1] [] []
[2022-03-18T11:44:53.290179+01:00] termin.INFO: No availability found for: Einbürgerung [] []
[2022-03-18T11:44:53.400807+01:00] termin.INFO: No availability found for: Personalausweis [] []
[2022-03-18T11:44:58.709916+01:00] termin.INFO: Starting to run [sites: 2, notifiers: 1] [] []
[2022-03-18T11:44:59.000241+01:00] termin.INFO: No availability found for: Einbürgerung [] []
[2022-03-18T11:44:59.100094+01:00] termin.INFO: No availability found for: Personalausweis [] []
[2022-03-18T11:45:01.745964+01:00] termin.INFO: Starting to run [sites: 2, notifiers: 1] [] []
[2022-03-18T11:45:02.141759+01:00] termin.INFO: No availability found for: Einbürgerung [] []
[2022-03-18T11:45:02.249244+01:00] termin.INFO: No availability found for: Personalausweis [] []
[2022-03-18T11:47:39.086961+01:00] termin.INFO: Starting to run [sites: 2, notifiers: 1] [] []
[2022-03-18T11:47:39.446896+01:00] termin.INFO: No availability found for: Einbürgerung [] []
[2022-03-18T11:47:39.558777+01:00] termin.INFO: No availability found for: Personalausweis [] []
[2022-03-18T11:49:13.454503+01:00] termin.INFO: Starting to run [sites: 3, notifiers: 1] [] []
[2022-03-18T11:49:13.848019+01:00] termin.INFO: No availability found for: Einbürgerung [] []
[2022-03-18T11:49:14.004574+01:00] termin.INFO: No availability found for: Personalausweis [] []
[2022-03-18T11:49:14.175613+01:00] termin.INFO: No availability found for: Wohnunhgsanmeldung [] []
[2022-03-18T11:49:17.528010+01:00] termin.INFO: Starting to run [sites: 3, notifiers: 1] [] []
[2022-03-18T11:49:17.832802+01:00] termin.INFO: No availability found for: Einbürgerung [] []
[2022-03-18T11:49:17.946808+01:00] termin.INFO: No availability found for: Personalausweis [] []
[2022-03-18T11:49:18.088573+01:00] termin.INFO: No availability found for: Wohnunhgsanmeldung [] []
[2022-03-18T11:49:20.806380+01:00] termin.INFO: Starting to run [sites: 3, notifiers: 1] [] []
[2022-03-18T11:49:21.080997+01:00] termin.INFO: No availability found for: Einbürgerung [] []
[2022-03-18T11:49:21.187562+01:00] termin.INFO: No availability found for: Personalausweis [] []
[2022-03-18T11:49:21.291473+01:00] termin.INFO: No availability found for: Wohnunhgsanmeldung [] []
[2022-03-18T11:49:23.937463+01:00] termin.INFO: Starting to run [sites: 3, notifiers: 1] [] []
[2022-03-18T11:49:24.186994+01:00] termin.INFO: No availability found for: Einbürgerung [] []
[2022-03-18T11:49:24.307362+01:00] termin.INFO: No availability found for: Personalausweis [] []
[2022-03-18T11:49:24.435096+01:00] termin.INFO: No availability found for: Wohnunhgsanmeldung [] []
[2022-03-18T11:49:26.922092+01:00] termin.INFO: Starting to run [sites: 3, notifiers: 1] [] []
[2022-03-18T11:49:27.178223+01:00] termin.INFO: No availability found for: Einbürgerung [] []
[2022-03-18T11:49:27.281085+01:00] termin.INFO: No availability found for: Personalausweis [] []
[2022-03-18T11:49:27.372973+01:00] termin.INFO: No availability found for: Wohnunhgsanmeldung [] []
[2022-03-18T11:49:30.216387+01:00] termin.INFO: Starting to run [sites: 3, notifiers: 1] [] []
[2022-03-18T11:49:30.490680+01:00] termin.INFO: No availability found for: Einbürgerung [] []
[2022-03-18T11:49:30.609571+01:00] termin.INFO: No availability found for: Personalausweis [] []
[2022-03-18T11:49:30.723096+01:00] termin.INFO: No availability found for: Wohnunhgsanmeldung [] []
[2022-03-18T11:49:32.987698+01:00] termin.INFO: Starting to run [sites: 3, notifiers: 1] [] []
[2022-03-18T11:49:33.255029+01:00] termin.INFO: No availability found for: Einbürgerung [] []
[2022-03-18T11:49:33.361011+01:00] termin.INFO: No availability found for: Personalausweis [] []
[2022-03-18T11:49:33.492820+01:00] termin.INFO: No availability found for: Wohnunhgsanmeldung [] []
[2022-03-18T11:49:35.831130+01:00] termin.INFO: Starting to run [sites: 3, notifiers: 1] [] []
[2022-03-18T11:49:36.107834+01:00] termin.INFO: No availability found for: Einbürgerung [] []
[2022-03-18T11:49:36.225986+01:00] termin.INFO: No availability found for: Personalausweis [] []
[2022-03-18T11:49:36.342939+01:00] termin.INFO: No availability found for: Wohnunhgsanmeldung [] []
[2022-03-18T12:08:35.329749+01:00] termin.INFO: Starting to run [sites: 2, notifiers: 1] [] []
[2022-03-18T12:10:42.769470+01:00] termin.INFO: Found availability for Anmeldung @ 2022-03-18T00:00:00+01:00 [] []
[2022-03-18T12:10:43.260510+01:00] termin.INFO: No availability found for: Einburgerung pankow [] []
[2022-03-21T12:36:58.615965+01:00] termin.INFO: Starting to run [sites: 2, notifiers: 1] [] []
[2022-03-21T12:45:01.577478+01:00] termin.INFO: Starting to run [sites: 2, notifiers: 1] [] []
[2022-03-21T12:45:58.424432+01:00] termin.INFO: Found availability for Anmeldung @ 2022-03-21T00:00:00+01:00 [] []
[2022-03-21T12:45:58.883675+01:00] termin.INFO: No availability found for: Einburgerung pankow [] []
[2022-03-21T13:00:01.969581+01:00] termin.INFO: Starting to run [sites: 2, notifiers: 1] [] []
[2022-03-21T13:01:24.057913+01:00] termin.INFO: Found availability for Anmeldung @ 2022-03-21T00:00:00+01:00 [] []
[2022-03-21T13:01:24.531158+01:00] termin.INFO: No availability found for: Einburgerung pankow [] []
[2022-03-21T13:15:01.652577+01:00] termin.INFO: Starting to run [sites: 2, notifiers: 1] [] []
[2022-03-21T13:15:05.259685+01:00] termin.INFO: Found availability for Anmeldung @ 2022-03-21T00:00:00+01:00 [] []
[2022-03-21T13:15:05.777557+01:00] termin.INFO: No availability found for: Einburgerung pankow [] []
[2022-03-21T13:30:01.960651+01:00] termin.INFO: Starting to run [sites: 2, notifiers: 1] [] []
[2022-03-21T13:30:53.690975+01:00] termin.INFO: Found availability for Anmeldung @ 2022-03-21T00:00:00+01:00 [] []
[2022-03-21T13:30:54.172551+01:00] termin.INFO: No availability found for: Einburgerung pankow [] []
[2022-03-21T13:45:01.365109+01:00] termin.INFO: Starting to run [sites: 2, notifiers: 1] [] []
[2022-03-21T13:45:47.075728+01:00] termin.INFO: Found availability for Anmeldung @ 2022-03-21T00:00:00+01:00 [] []
[2022-03-21T13:45:47.539984+01:00] termin.INFO: No availability found for: Einburgerung pankow [] []
[2022-03-21T14:00:01.645100+01:00] termin.INFO: Starting to run [sites: 2, notifiers: 1] [] []
[2022-03-21T14:00:46.127115+01:00] termin.INFO: Found availability for Anmeldung @ 2022-03-21T00:00:00+01:00 [] []
[2022-03-21T14:00:46.611734+01:00] termin.INFO: No availability found for: Einburgerung pankow [] []
[2022-03-21T15:00:01.195326+01:00] termin.INFO: Starting to run [sites: 2, notifiers: 1] [] []
[2022-03-21T15:00:50.585879+01:00] termin.INFO: Found availability for Anmeldung @ 2022-04-26T00:00:00+02:00 [] []
[2022-03-21T15:00:50.948066+01:00] termin.INFO: Found availability for Anmeldung @ 2022-03-21T00:00:00+01:00 [] []
[2022-03-21T15:00:51.470617+01:00] termin.INFO: No availability found for: Einburgerung pankow [] []
[2022-03-21T15:15:01.559837+01:00] termin.INFO: Starting to run [sites: 2, notifiers: 1] [] []
[2022-03-21T15:16:21.823918+01:00] termin.INFO: Found availability for Anmeldung @ 2022-03-22T00:00:00+01:00 [] []
[2022-03-21T15:16:22.346744+01:00] termin.INFO: No availability found for: Einburgerung pankow [] []
[2022-03-21T15:30:01.436035+01:00] termin.INFO: Starting to run [sites: 2, notifiers: 1] [] []
[2022-03-21T15:30:30.854643+01:00] termin.INFO: Found availability for Anmeldung @ 2022-03-22T00:00:00+01:00 [] []
[2022-03-21T15:30:31.319409+01:00] termin.INFO: No availability found for: Einburgerung pankow [] []
[2022-03-21T15:45:01.400781+01:00] termin.INFO: Starting to run [sites: 2, notifiers: 1] [] []
[2022-03-21T15:45:11.221613+01:00] termin.INFO: Found availability for Anmeldung @ 2022-03-21T00:00:00+01:00 [] []
[2022-03-21T15:45:11.651218+01:00] termin.INFO: No availability found for: Einburgerung pankow [] []
[2022-03-21T16:00:01.713311+01:00] termin.INFO: Starting to run [sites: 2, notifiers: 1] [] []
[2022-03-21T16:00:34.190823+01:00] termin.INFO: Found availability for Anmeldung @ 2022-03-22T00:00:00+01:00 [] []
[2022-03-21T16:00:34.665800+01:00] termin.INFO: No availability found for: Einburgerung pankow [] []
[2022-03-21T16:15:01.730929+01:00] termin.INFO: Starting to run [sites: 2, notifiers: 1] [] []
[2022-03-21T16:15:11.412219+01:00] termin.INFO: Found availability for Anmeldung @ 2022-03-22T00:00:00+01:00 [] []
[2022-03-21T16:15:11.882581+01:00] termin.INFO: No availability found for: Einburgerung pankow [] []
[2022-03-21T16:30:01.944300+01:00] termin.INFO: Starting to run [sites: 2, notifiers: 1] [] []
[2022-03-21T16:30:23.392671+01:00] termin.INFO: Found availability for Anmeldung @ 2022-03-22T00:00:00+01:00 [] []
[2022-03-21T16:30:23.945329+01:00] termin.INFO: No availability found for: Einburgerung pankow [] []
[2022-03-21T16:45:02.011975+01:00] termin.INFO: Starting to run [sites: 2, notifiers: 1] [] []
[2022-03-21T16:45:31.240212+01:00] termin.INFO: Found availability for Anmeldung @ 2022-03-22T00:00:00+01:00 [] []
[2022-03-21T16:45:31.842572+01:00] termin.INFO: No availability found for: Einburgerung pankow [] []
[2022-03-21T17:00:01.939767+01:00] termin.INFO: Starting to run [sites: 2, notifiers: 1] [] []
[2022-03-21T17:00:30.593749+01:00] termin.INFO: Found availability for Anmeldung @ 2022-03-22T00:00:00+01:00 [] []
[2022-03-21T17:00:31.101982+01:00] termin.INFO: No availability found for: Einburgerung pankow [] []
[2022-03-21T17:15:01.248053+01:00] termin.INFO: Starting to run [sites: 2, notifiers: 1] [] []
[2022-03-21T17:15:31.381901+01:00] termin.INFO: Found availability for Anmeldung @ 2022-03-22T00:00:00+01:00 [] []
[2022-03-21T17:15:31.866575+01:00] termin.INFO: No availability found for: Einburgerung pankow [] []
[2022-03-21T17:30:01.963399+01:00] termin.INFO: Starting to run [sites: 2, notifiers: 1] [] []
[2022-03-21T17:30:30.105098+01:00] termin.INFO: Found availability for Anmeldung @ 2022-04-26T00:00:00+02:00 [] []
[2022-03-21T17:30:30.453880+01:00] termin.INFO: Found availability for Anmeldung @ 2022-04-26T00:00:00+02:00 [] []
[2022-03-21T17:30:30.798246+01:00] termin.INFO: Found availability for Anmeldung @ 2022-04-26T00:00:00+02:00 [] []
[2022-03-21T17:30:31.143121+01:00] termin.INFO: Found availability for Anmeldung @ 2022-04-26T00:00:00+02:00 [] []
[2022-03-21T17:30:31.517538+01:00] termin.INFO: Found availability for Anmeldung @ 2022-04-26T00:00:00+02:00 [] []
[2022-03-21T17:30:31.841271+01:00] termin.INFO: Found availability for Anmeldung @ 2022-04-26T00:00:00+02:00 [] []
[2022-03-21T17:30:32.183345+01:00] termin.INFO: Found availability for Anmeldung @ 2022-04-26T00:00:00+02:00 [] []
[2022-03-21T17:30:32.527751+01:00] termin.INFO: Found availability for Anmeldung @ 2022-04-26T00:00:00+02:00 [] []
[2022-03-21T17:30:32.837874+01:00] termin.INFO: Found availability for Anmeldung @ 2022-03-22T00:00:00+01:00 [] []
[2022-03-21T17:30:33.265938+01:00] termin.INFO: No availability found for: Einburgerung pankow [] []
[2022-03-21T17:45:01.361360+01:00] termin.INFO: Starting to run [sites: 2, notifiers: 1] [] []
[2022-03-21T17:45:33.129056+01:00] termin.INFO: Found availability for Anmeldung @ 2022-03-22T00:00:00+01:00 [] []
[2022-03-21T17:45:33.577609+01:00] termin.INFO: No availability found for: Einburgerung pankow [] []
[2022-03-21T18:00:01.645718+01:00] termin.INFO: Starting to run [sites: 2, notifiers: 1] [] []
[2022-03-21T18:00:31.608646+01:00] termin.INFO: Found availability for Anmeldung @ 2022-03-24T00:00:00+01:00 [] []
[2022-03-21T18:00:32.131559+01:00] termin.INFO: No availability found for: Einburgerung pankow [] []
[2022-03-21T18:15:01.223363+01:00] termin.INFO: Starting to run [sites: 2, notifiers: 1] [] []
[2022-03-21T18:15:32.551839+01:00] termin.INFO: Found availability for Anmeldung @ 2022-04-01T00:00:00+02:00 [] []
[2022-03-21T18:15:32.889142+01:00] termin.INFO: Found availability for Anmeldung @ 2022-03-22T00:00:00+01:00 [] []
[2022-03-21T18:15:33.323105+01:00] termin.INFO: No availability found for: Einburgerung pankow [] []
[2022-03-21T18:30:01.463800+01:00] termin.INFO: Starting to run [sites: 2, notifiers: 1] [] []
[2022-03-21T18:30:32.250372+01:00] termin.INFO: Found availability for Anmeldung @ 2022-03-22T00:00:00+01:00 [] []
[2022-03-21T18:30:32.713409+01:00] termin.INFO: No availability found for: Einburgerung pankow [] []
[2022-03-21T18:45:01.833307+01:00] termin.INFO: Starting to run [sites: 2, notifiers: 1] [] []
[2022-03-21T18:45:29.655637+01:00] termin.INFO: Found availability for Anmeldung @ 2022-03-22T00:00:00+01:00 [] []
[2022-03-21T18:45:30.113954+01:00] termin.INFO: No availability found for: Einburgerung pankow [] []
[2022-03-21T19:00:01.222686+01:00] termin.INFO: Starting to run [sites: 2, notifiers: 1] [] []
[2022-03-21T19:00:43.478698+01:00] termin.INFO: Found availability for Anmeldung @ 2022-04-06T00:00:00+02:00 [] []
[2022-03-21T19:00:43.927399+01:00] termin.INFO: Found availability for Anmeldung @ 2022-03-22T00:00:00+01:00 [] []
[2022-03-21T19:00:44.334590+01:00] termin.INFO: No availability found for: Einburgerung pankow [] []
[2022-03-21T19:15:01.457763+01:00] termin.INFO: Starting to run [sites: 2, notifiers: 1] [] []
[2022-03-21T19:24:09.137353+01:00] termin.INFO: Found availability for Anmeldung @ 2022-04-12T00:00:00+02:00 [] []
[2022-03-21T19:24:09.660593+01:00] termin.INFO: Found availability for Anmeldung @ 2022-04-12T00:00:00+02:00 [] []
[2022-03-21T19:24:10.027270+01:00] termin.INFO: Found availability for Anmeldung @ 2022-04-12T00:00:00+02:00 [] []
[2022-03-21T19:24:10.386312+01:00] termin.INFO: Found availability for Anmeldung @ 2022-04-12T00:00:00+02:00 [] []
[2022-03-21T19:24:10.798301+01:00] termin.INFO: Found availability for Anmeldung @ 2022-04-12T00:00:00+02:00 [] []
[2022-03-21T19:24:11.161103+01:00] termin.INFO: Found availability for Anmeldung @ 2022-04-12T00:00:00+02:00 [] []
[2022-03-21T19:24:11.531767+01:00] termin.INFO: Found availability for Anmeldung @ 2022-04-12T00:00:00+02:00 [] []
[2022-03-21T19:24:11.892009+01:00] termin.INFO: Found availability for Anmeldung @ 2022-04-12T00:00:00+02:00 [] []
[2022-03-21T19:24:12.301148+01:00] termin.INFO: Found availability for Anmeldung @ 2022-04-12T00:00:00+02:00 [] []
[2022-03-21T19:24:12.647794+01:00] termin.INFO: Found availability for Anmeldung @ 2022-04-12T00:00:00+02:00 [] []
[2022-03-21T19:24:12.995635+01:00] termin.INFO: No availability found for: Einburgerung pankow [] []
[2022-03-21T19:30:01.101378+01:00] termin.INFO: Starting to run [sites: 2, notifiers: 1] [] []
[2022-03-21T19:30:40.609850+01:00] termin.INFO: Found availability for Anmeldung @ 2022-03-22T00:00:00+01:00 [] []
[2022-03-21T19:30:41.078056+01:00] termin.INFO: No availability found for: Einburgerung pankow [] []
[2022-03-22T10:15:01.456567+01:00] termin.INFO: Starting to run [sites: 2, notifiers: 1] [] []
[2022-03-22T10:15:04.282264+01:00] termin.INFO: Found availability for Anmeldung @ 2022-03-22T00:00:00+01:00 [] []
[2022-03-22T10:15:04.785128+01:00] termin.INFO: No availability found for: Einburgerung pankow [] []
[2022-03-22T10:30:02.065736+01:00] termin.INFO: Starting to run [sites: 2, notifiers: 1] [] []
[2022-03-22T10:30:27.135501+01:00] termin.INFO: Found availability for Anmeldung @ 2022-03-22T00:00:00+01:00 [] []
[2022-03-22T10:30:27.861829+01:00] termin.INFO: No availability found for: Einburgerung pankow [] []
[2022-03-22T10:45:02.744046+01:00] termin.INFO: Starting to run [sites: 2, notifiers: 1] [] []
[2022-03-22T10:45:11.159907+01:00] termin.INFO: Found availability for Anmeldung @ 2022-03-22T00:00:00+01:00 [] []
[2022-03-22T10:45:11.875514+01:00] termin.INFO: No availability found for: Einburgerung pankow [] []
[2022-03-22T11:00:02.050008+01:00] termin.INFO: Starting to run [sites: 2, notifiers: 1] [] []
[2022-03-22T11:00:52.087381+01:00] termin.INFO: Found availability for Anmeldung @ 2022-03-22T00:00:00+01:00 [] []
[2022-03-22T11:00:52.562584+01:00] termin.INFO: No availability found for: Einburgerung pankow [] []
[2022-03-22T11:15:01.659259+01:00] termin.INFO: Starting to run [sites: 2, notifiers: 1] [] []
[2022-03-22T11:15:32.421673+01:00] termin.INFO: Found availability for Anmeldung @ 2022-03-22T00:00:00+01:00 [] []
[2022-03-22T11:15:32.973977+01:00] termin.INFO: No availability found for: Einburgerung pankow [] []
[2022-03-22T11:30:01.088647+01:00] termin.INFO: Starting to run [sites: 2, notifiers: 1] [] []
[2022-03-22T11:30:32.989286+01:00] termin.INFO: Found availability for Anmeldung @ 2022-03-22T00:00:00+01:00 [] []
[2022-03-22T11:30:33.487316+01:00] termin.INFO: No availability found for: Einburgerung pankow [] []
[2022-03-22T11:45:01.586152+01:00] termin.INFO: Starting to run [sites: 2, notifiers: 1] [] []
[2022-03-22T11:45:11.818361+01:00] termin.INFO: Found availability for Anmeldung @ 2022-03-22T00:00:00+01:00 [] []
[2022-03-22T11:45:12.343866+01:00] termin.INFO: No availability found for: Einburgerung pankow [] []
[2022-03-22T12:00:01.444488+01:00] termin.INFO: Starting to run [sites: 2, notifiers: 1] [] []
[2022-03-22T12:00:07.738347+01:00] termin.INFO: Found availability for Anmeldung @ 2022-03-22T00:00:00+01:00 [] []
[2022-03-22T12:00:08.372440+01:00] termin.INFO: No availability found for: Einburgerung pankow [] []
[2022-03-22T12:15:01.469268+01:00] termin.INFO: Starting to run [sites: 2, notifiers: 1] [] []
[2022-03-22T12:15:32.654855+01:00] termin.INFO: Found availability for Anmeldung @ 2022-03-22T00:00:00+01:00 [] []
[2022-03-22T12:15:33.075332+01:00] termin.INFO: No availability found for: Einburgerung pankow [] []
[2022-03-22T12:30:01.158254+01:00] termin.INFO: Starting to run [sites: 2, notifiers: 1] [] []
[2022-03-22T12:30:19.628391+01:00] termin.INFO: Found availability for Anmeldung @ 2022-03-22T00:00:00+01:00 [] []
[2022-03-22T12:30:20.118253+01:00] termin.INFO: No availability found for: Einburgerung pankow [] []
